Removed Pin From Net: NetName=GND_IN Pin=C10-2
Removed Pin From Net: NetName=Power_IN Pin=C11-1
Removed Member From Class: ClassName=Power Member=C26
Removed Member From Class: ClassName=USB Member=C45
Change Component Footprint: Designator=C11 Old Footprint=External_capacitor New Footprint=SMD_size_C
Change Component Footprint: Designator=C10 Old Footprint=SMD_size_B New Footprint=SMD_size_C
Added Pin To Net: NetName=NetC10_2 Pin=C10-2
Added Pin To Net: NetName=NetC10_2 Pin=C11-1
Added Net: Name=NetC10_2
Added Member To Class: ClassName=Power Member=Component C11 10לךװץ50ֲ
Added Member To Class: ClassName=Power Member=Component C13 10לךװ 16ֲ
Added Member To Class: ClassName=Power Member=Component C16 0,22לךװ
Added Member To Class: ClassName=Power Member=Component C18 10לךװ 16ֲ
Added Member To Class: ClassName=Power Member=Component C20 0,1לךװ
Added Member To Class: ClassName=Power Member=Component C23 0,1לךװ
Added Member To Class: ClassName=Digital_module Member=Component C25 0,1לךװ
Added Member To Class: ClassName=Digital_module Member=Component C28 0,1לךװ
Added Member To Class: ClassName=Digital_module Member=Component C30 0,1לךװ
Added Member To Class: ClassName=Digital_module Member=Component C32 0,1לךװ
Added Member To Class: ClassName=Digital_module Member=Component C34 0,1לךװ
Added Member To Class: ClassName=Digital_module Member=Component C35 0,1לךװ
Added Member To Class: ClassName=Digital_module Member=Component C37 0,1לךװ
Added Member To Class: ClassName=USB Member=Component C40 10לךװ 16ֲ
Added Member To Class: ClassName=USB Member=Component C42 0,1לךװ
Added Member To Class: ClassName=USB Member=Component C44 10לךװ 16ֲ
