Removed Pin From Net: NetName=GPIO_10 Pin=R57-2
Removed Pin From Net: NetName=GPIO_12 Pin=R59-2
Removed Pin From Net: NetName=GPIO_11 Pin=R60-2
Removed Pin From Net: NetName=GPIO_14 Pin=R61-2
Removed Pin From Net: NetName=GPIO_13 Pin=R62-2
Removed Pin From Net: NetName=GPIO_16 Pin=R63-2
Removed Pin From Net: NetName=GPIO_15 Pin=R64-2
Removed Pin From Net: NetName=GPIO_18 Pin=R65-2
Removed Pin From Net: NetName=GPIO_17 Pin=R66-2
Removed Pin From Net: NetName=GPIO_20 Pin=R67-2
Removed Pin From Net: NetName=GPIO_19 Pin=R68-2
Removed Pin From Net: NetName=GPIO_22 Pin=R69-2
Removed Pin From Net: NetName=GPIO_21 Pin=R70-2
Removed Pin From Net: NetName=GPIO_24 Pin=R71-2
Removed Pin From Net: NetName=GPIO_23 Pin=R72-2
Removed Pin From Net: NetName=GPIO_26 Pin=R73-2
Removed Pin From Net: NetName=GPIO_25 Pin=R74-2
Removed Pin From Net: NetName=GPIO_28 Pin=R75-2
Removed Pin From Net: NetName=GPIO_27 Pin=R76-2
Removed Pin From Net: NetName=GPIO_30 Pin=R77-2
Removed Pin From Net: NetName=GPIO_29 Pin=R78-2
Removed Pin From Net: NetName=GPIO_32 Pin=R79-2
Removed Pin From Net: NetName=GPIO_31 Pin=R80-2
Removed Pin From Net: NetName=GPIO_34 Pin=R81-2
Removed Pin From Net: NetName=GPIO_33 Pin=R82-2
Removed Pin From Net: NetName=GPIO_36 Pin=R83-2
Removed Pin From Net: NetName=GPIO_35 Pin=R84-2
Removed Pin From Net: NetName=GPIO_38 Pin=R85-2
Removed Pin From Net: NetName=GPIO_37 Pin=R86-2
Removed Pin From Net: NetName=GPIO_40 Pin=R87-2
Removed Pin From Net: NetName=GPIO_39 Pin=R88-2
Removed Pin From Net: NetName=GPIO_42 Pin=R89-2
Removed Pin From Net: NetName=GPIO_41 Pin=R90-2
Removed Pin From Net: NetName=GPIO_44 Pin=R91-2
Removed Pin From Net: NetName=GPIO_43 Pin=R92-2
Removed Pin From Net: NetName=GPIO_46 Pin=R93-2
Removed Pin From Net: NetName=GPIO_45 Pin=R94-2
Removed Pin From Net: NetName=GPIO_48 Pin=R95-2
Removed Pin From Net: NetName=GPIO_47 Pin=R96-2
Removed Pin From Net: NetName=GPIO_50 Pin=R97-2
Removed Pin From Net: NetName=GPIO_49 Pin=R98-2
Removed Pin From Net: NetName=GPIO_52 Pin=R99-2
Removed Pin From Net: NetName=GPIO_51 Pin=R100-2
Removed Pin From Net: NetName=GPIO_54 Pin=R101-2
Removed Pin From Net: NetName=GPIO_53 Pin=R102-2
Removed Pin From Net: NetName=GPIO_56 Pin=R103-2
Removed Pin From Net: NetName=GPIO_55 Pin=R104-2
Removed Pin From Net: NetName=GPIO_58 Pin=R105-2
Removed Pin From Net: NetName=GPIO_57 Pin=R106-2
Removed Pin From Net: NetName=GPIO_59 Pin=R108-2
Removed Pin From Net: NetName=GND Pin=TP1-0
Removed Pin From Net: NetName=GND Pin=TP2-0
Removed Pin From Net: NetName=GND Pin=TP3-0
Removed Pin From Net: NetName=GND Pin=TP4-0
Removed Pin From Net: NetName=GND Pin=TP5-0
Removed Pin From Net: NetName=GND Pin=TP6-0
Removed Pin From Net: NetName=GND Pin=TP7-0
Removed Pin From Net: NetName=GND Pin=TP8-0
Removed Pin From Net: NetName=GND Pin=TP9-0
Removed Pin From Net: NetName=GND Pin=TP10-0
Removed Pin From Net: NetName=GND Pin=TP11-0
Removed Pin From Net: NetName=GND Pin=TP12-0
Removed Pin From Net: NetName=GND Pin=TP13-0
Removed Pin From Net: NetName=GND Pin=TP14-0
Removed Pin From Net: NetName=GND Pin=TP15-0
Removed Pin From Net: NetName=GND Pin=TP16-0
Removed Pin From Net: NetName=GND Pin=TP17-0
Removed Pin From Net: NetName=GND Pin=TP18-0
Removed Pin From Net: NetName=GND Pin=TP19-0
Removed Pin From Net: NetName=GND Pin=TP20-0
Removed Pin From Net: NetName=GND Pin=TP21-0
Removed Pin From Net: NetName=GND Pin=TP22-0
Removed Pin From Net: NetName=GND Pin=TP23-0
Removed Pin From Net: NetName=GND Pin=TP24-0
Removed Pin From Net: NetName=GND Pin=TP25-0
Removed Pin From Net: NetName=GND Pin=TP26-0
Removed Pin From Net: NetName=GND Pin=TP27-0
Removed Pin From Net: NetName=GND Pin=TP28-0
Removed Pin From Net: NetName=GND Pin=TP29-0
Removed Pin From Net: NetName=GND Pin=TP30-0
Removed Pin From Net: NetName=GND Pin=TP31-0
Removed Pin From Net: NetName=GPIO_9 Pin=TP32-0
Removed Pin From Net: NetName=GPIO_10 Pin=TP33-0
Removed Pin From Net: NetName=GND Pin=TP34-0
Removed Pin From Net: NetName=GPIO_11 Pin=TP35-0
Removed Pin From Net: NetName=GPIO_12 Pin=TP36-0
Removed Pin From Net: NetName=GND Pin=TP37-0
Removed Pin From Net: NetName=GPIO_13 Pin=TP38-0
Removed Pin From Net: NetName=GPIO_14 Pin=TP39-0
Removed Pin From Net: NetName=GND Pin=TP40-0
Removed Pin From Net: NetName=GPIO_15 Pin=TP41-0
Removed Pin From Net: NetName=GPIO_16 Pin=TP42-0
Removed Pin From Net: NetName=GND Pin=TP43-0
Removed Pin From Net: NetName=GPIO_17 Pin=TP44-0
Removed Pin From Net: NetName=GPIO_18 Pin=TP45-0
Removed Pin From Net: NetName=GND Pin=TP46-0
Removed Pin From Net: NetName=GPIO_19 Pin=TP47-0
Removed Pin From Net: NetName=GPIO_20 Pin=TP48-0
Removed Pin From Net: NetName=GND Pin=TP49-0
Removed Pin From Net: NetName=GPIO_21 Pin=TP50-0
Removed Pin From Net: NetName=GPIO_22 Pin=TP51-0
Removed Pin From Net: NetName=GND Pin=TP52-0
Removed Pin From Net: NetName=GPIO_23 Pin=TP53-0
Removed Pin From Net: NetName=GPIO_24 Pin=TP54-0
Removed Pin From Net: NetName=GND Pin=TP55-0
Removed Pin From Net: NetName=GPIO_25 Pin=TP56-0
Removed Pin From Net: NetName=GPIO_26 Pin=TP57-0
Removed Pin From Net: NetName=GND Pin=TP58-0
Removed Pin From Net: NetName=GPIO_27 Pin=TP59-0
Removed Pin From Net: NetName=GPIO_28 Pin=TP60-0
Removed Pin From Net: NetName=GND Pin=TP61-0
Removed Pin From Net: NetName=GPIO_29 Pin=TP62-0
Removed Pin From Net: NetName=GPIO_30 Pin=TP63-0
Removed Pin From Net: NetName=GND Pin=TP64-0
Removed Pin From Net: NetName=GPIO_31 Pin=TP65-0
Removed Pin From Net: NetName=GPIO_32 Pin=TP66-0
Removed Pin From Net: NetName=GND Pin=TP67-0
Removed Pin From Net: NetName=GPIO_33 Pin=TP68-0
Removed Pin From Net: NetName=GPIO_34 Pin=TP69-0
Removed Pin From Net: NetName=GND Pin=TP70-0
Removed Pin From Net: NetName=GPIO_35 Pin=TP71-0
Removed Pin From Net: NetName=GPIO_36 Pin=TP72-0
Removed Pin From Net: NetName=GND Pin=TP73-0
Removed Pin From Net: NetName=GPIO_37 Pin=TP74-0
Removed Pin From Net: NetName=GPIO_38 Pin=TP75-0
Removed Pin From Net: NetName=GND Pin=TP76-0
Removed Pin From Net: NetName=GPIO_39 Pin=TP77-0
Removed Pin From Net: NetName=GPIO_40 Pin=TP78-0
Removed Pin From Net: NetName=GND Pin=TP79-0
Removed Pin From Net: NetName=GPIO_41 Pin=TP80-0
Removed Pin From Net: NetName=GPIO_42 Pin=TP81-0
Removed Pin From Net: NetName=GND Pin=TP82-0
Removed Pin From Net: NetName=GPIO_43 Pin=TP83-0
Removed Pin From Net: NetName=GPIO_44 Pin=TP84-0
Removed Pin From Net: NetName=GND Pin=TP85-0
Removed Pin From Net: NetName=GPIO_45 Pin=TP86-0
Removed Pin From Net: NetName=GPIO_46 Pin=TP87-0
Removed Pin From Net: NetName=GND Pin=TP88-0
Removed Pin From Net: NetName=GPIO_47 Pin=TP89-0
Removed Pin From Net: NetName=GPIO_48 Pin=TP90-0
Removed Pin From Net: NetName=GND Pin=TP91-0
Removed Pin From Net: NetName=GPIO_49 Pin=TP92-0
Removed Pin From Net: NetName=GPIO_50 Pin=TP93-0
Removed Pin From Net: NetName=GND Pin=TP94-0
Removed Pin From Net: NetName=GPIO_51 Pin=TP95-0
Removed Pin From Net: NetName=GPIO_52 Pin=TP96-0
Removed Pin From Net: NetName=GPIO_53 Pin=TP97-0
Removed Pin From Net: NetName=GPIO_54 Pin=TP98-0
Removed Pin From Net: NetName=GPIO_55 Pin=TP99-0
Removed Pin From Net: NetName=GPIO_56 Pin=TP100-0
Removed Pin From Net: NetName=GPIO_57 Pin=TP101-0
Removed Pin From Net: NetName=GPIO_58 Pin=TP102-0
Removed Pin From Net: NetName=GPIO_59 Pin=TP103-0
Removed Pin From Net: NetName=GPIO_60 Pin=TP104-0
Removed Pin From Net: NetName=ADC_IN_1 Pin=X2-1
Removed Pin From Net: NetName=ADC_IN_2 Pin=X2-2
Removed Pin From Net: NetName=ADC_IN_3 Pin=X2-3
Removed Pin From Net: NetName=ADC_IN_4 Pin=X2-4
Removed Pin From Net: NetName=ADC_IN_5 Pin=X2-5
Removed Pin From Net: NetName=ADC_IN_6 Pin=X2-6
Removed Pin From Net: NetName=ADC_IN_7 Pin=X2-7
Removed Pin From Net: NetName=ADC_IN_8 Pin=X2-8
Removed Pin From Net: NetName=2V048 Pin=X2-9
Removed Pin From Net: NetName=A_GND Pin=X2-10
Removed Pin From Net: NetName=GND Pin=X3-1
Removed Pin From Net: NetName=GND Pin=X3-2
Removed Pin From Net: NetName=UART_1_RX Pin=X3-3
Removed Pin From Net: NetName=3.3V Pin=X3-4
Removed Pin From Net: NetName=UART_1_TX Pin=X3-5
Removed Pin From Net: NetName=GND Pin=X3-6
Removed Pin From Net: NetName=SPI_MOSI Pin=X3-7
Removed Pin From Net: NetName=SPI_CLK Pin=X3-8
Removed Pin From Net: NetName=SPI_MISO Pin=X3-9
Removed Pin From Net: NetName=GND Pin=X3-10
Removed Pin From Net: NetName=CAN_RX Pin=X3-11
Removed Pin From Net: NetName=CAN_TX Pin=X3-12
Removed Pin From Net: NetName=I2C_DIO Pin=X3-13
Removed Pin From Net: NetName=I2C_CLK Pin=X3-14
Removed Pin From Net: NetName=UART_2_RX Pin=X3-15
Removed Pin From Net: NetName=UART_2_TX Pin=X3-16
Removed Pin From Net: NetName=DAC_OUT_1 Pin=X3-17
Removed Pin From Net: NetName=DAC_OUT_2 Pin=X3-18
Removed Pin From Net: NetName=A_GND Pin=X3-19
Removed Pin From Net: NetName=A_GND Pin=X3-20
Removed Pin From Net: NetName=GND Pin=X4-1
Removed Pin From Net: NetName=GND Pin=X4-2
Removed Pin From Net: NetName=3.3V Pin=X4-3
Removed Pin From Net: NetName=3.3V Pin=X4-4
Removed Pin From Net: NetName=GND Pin=X4-5
Removed Pin From Net: NetName=GND Pin=X4-6
Removed Pin From Net: NetName=+5V Pin=X4-7
Removed Pin From Net: NetName=+5V Pin=X4-8
Removed Pin From Net: NetName=-5V Pin=X4-9
Removed Pin From Net: NetName=-5V Pin=X4-10
Removed Pin From Net: NetName=GPIO_1 Pin=X4-11
Removed Pin From Net: NetName=GPIO_2 Pin=X4-12
Removed Pin From Net: NetName=GPIO_3 Pin=X4-13
Removed Pin From Net: NetName=GPIO_4 Pin=X4-14
Removed Pin From Net: NetName=GPIO_5 Pin=X4-15
Removed Pin From Net: NetName=GPIO_6 Pin=X4-16
Removed Pin From Net: NetName=GPIO_7 Pin=X4-17
Removed Pin From Net: NetName=GPIO_8 Pin=X4-18
Removed Pin From Net: NetName=GND Pin=X4-19
Removed Pin From Net: NetName=GND Pin=X4-20
Removed Member From Class: ClassName=USB Member=R33
Removed Member From Class: ClassName=DAC_Filter Member=R51
Removed Member From Class: ClassName=main Member=R51
Removed Member From Class: ClassName=USB Member=R51
Removed Member From Class: ClassName=DAC_Filter Member=R62
Removed Member From Class: ClassName=USB Member=R62
Removed Member From Class: ClassName=main Member=TP1
Removed Member From Class: ClassName=main Member=TP2
Removed Member From Class: ClassName=main Member=TP3
Removed Member From Class: ClassName=main Member=TP4
Removed Member From Class: ClassName=main Member=TP5
Removed Member From Class: ClassName=main Member=TP6
Removed Member From Class: ClassName=main Member=TP7
Removed Member From Class: ClassName=main Member=TP8
Removed Member From Class: ClassName=main Member=TP9
Removed Member From Class: ClassName=main Member=TP10
Removed Member From Class: ClassName=main Member=TP11
Removed Member From Class: ClassName=main Member=TP12
Removed Member From Class: ClassName=main Member=TP13
Removed Member From Class: ClassName=main Member=TP14
Removed Member From Class: ClassName=main Member=TP15
Removed Member From Class: ClassName=main Member=TP16
Removed Member From Class: ClassName=main Member=TP17
Removed Member From Class: ClassName=main Member=TP18
Removed Member From Class: ClassName=main Member=TP19
Removed Member From Class: ClassName=main Member=TP20
Removed Member From Class: ClassName=main Member=TP21
Removed Member From Class: ClassName=main Member=TP22
Removed Member From Class: ClassName=main Member=TP23
Removed Member From Class: ClassName=main Member=TP24
Removed Member From Class: ClassName=main Member=TP25
Removed Member From Class: ClassName=main Member=TP26
Removed Member From Class: ClassName=main Member=TP27
Removed Member From Class: ClassName=main Member=TP28
Removed Member From Class: ClassName=main Member=TP29
Removed Member From Class: ClassName=main Member=TP30
Removed Member From Class: ClassName=main Member=TP31
Removed Member From Class: ClassName=main Member=TP32
Removed Member From Class: ClassName=main Member=TP33
Removed Member From Class: ClassName=main Member=TP34
Removed Member From Class: ClassName=main Member=TP35
Removed Member From Class: ClassName=main Member=TP36
Removed Member From Class: ClassName=main Member=TP37
Removed Member From Class: ClassName=main Member=TP38
Removed Member From Class: ClassName=main Member=TP39
Removed Member From Class: ClassName=main Member=TP40
Removed Member From Class: ClassName=main Member=TP41
Removed Member From Class: ClassName=main Member=TP42
Removed Member From Class: ClassName=main Member=TP43
Removed Member From Class: ClassName=main Member=TP44
Removed Member From Class: ClassName=main Member=TP45
Removed Member From Class: ClassName=main Member=TP46
Removed Member From Class: ClassName=main Member=TP47
Removed Member From Class: ClassName=main Member=TP48
Removed Member From Class: ClassName=main Member=TP49
Removed Member From Class: ClassName=main Member=TP50
Removed Member From Class: ClassName=main Member=TP51
Removed Member From Class: ClassName=main Member=TP52
Removed Member From Class: ClassName=main Member=TP53
Removed Member From Class: ClassName=main Member=TP54
Removed Member From Class: ClassName=main Member=TP55
Removed Member From Class: ClassName=main Member=TP56
Removed Member From Class: ClassName=main Member=TP57
Removed Member From Class: ClassName=main Member=TP58
Removed Member From Class: ClassName=main Member=TP59
Removed Member From Class: ClassName=main Member=TP60
Removed Member From Class: ClassName=main Member=TP61
Removed Member From Class: ClassName=main Member=TP62
Removed Member From Class: ClassName=main Member=TP63
Removed Member From Class: ClassName=main Member=TP64
Removed Member From Class: ClassName=main Member=TP65
Removed Member From Class: ClassName=main Member=TP66
Removed Member From Class: ClassName=main Member=TP67
Removed Member From Class: ClassName=main Member=TP68
Removed Member From Class: ClassName=main Member=TP69
Removed Member From Class: ClassName=main Member=TP70
Removed Member From Class: ClassName=main Member=TP71
Removed Member From Class: ClassName=main Member=TP72
Removed Member From Class: ClassName=main Member=TP73
Removed Member From Class: ClassName=main Member=TP74
Removed Member From Class: ClassName=main Member=TP75
Removed Member From Class: ClassName=main Member=TP76
Removed Member From Class: ClassName=main Member=TP77
Removed Member From Class: ClassName=main Member=TP78
Removed Member From Class: ClassName=main Member=TP79
Removed Member From Class: ClassName=main Member=TP80
Removed Member From Class: ClassName=main Member=TP81
Removed Member From Class: ClassName=main Member=TP82
Removed Member From Class: ClassName=main Member=TP83
Removed Member From Class: ClassName=main Member=TP84
Removed Member From Class: ClassName=main Member=TP85
Removed Member From Class: ClassName=main Member=TP86
Removed Member From Class: ClassName=main Member=TP87
Removed Member From Class: ClassName=main Member=TP88
Removed Member From Class: ClassName=main Member=TP89
Removed Member From Class: ClassName=main Member=TP90
Removed Member From Class: ClassName=main Member=TP91
Removed Member From Class: ClassName=main Member=TP92
Removed Member From Class: ClassName=main Member=TP93
Removed Member From Class: ClassName=main Member=TP94
Removed Member From Class: ClassName=main Member=TP95
Removed Member From Class: ClassName=main Member=TP96
Removed Member From Class: ClassName=main Member=TP97
Removed Member From Class: ClassName=main Member=TP98
Removed Member From Class: ClassName=main Member=TP99
Removed Member From Class: ClassName=main Member=TP100
Removed Member From Class: ClassName=main Member=TP101
Removed Member From Class: ClassName=main Member=TP102
Removed Member From Class: ClassName=main Member=TP103
Removed Member From Class: ClassName=main Member=TP104
Removed Member From Class: ClassName=main Member=X2
Removed Member From Class: ClassName=main Member=X3
Removed Member From Class: ClassName=main Member=X4
Added Pin To Net: NetName=GPIO_35 Pin=R57-2
Added Pin To Net: NetName=GPIO_36 Pin=R59-2
Added Pin To Net: NetName=GPIO_10 Pin=R60-2
Added Pin To Net: NetName=GPIO_37 Pin=R61-2
Added Pin To Net: NetName=GPIO_11 Pin=R62-2
Added Pin To Net: NetName=GPIO_38 Pin=R63-2
Added Pin To Net: NetName=GPIO_12 Pin=R64-2
Added Pin To Net: NetName=GPIO_39 Pin=R65-2
Added Pin To Net: NetName=GPIO_13 Pin=R66-2
Added Pin To Net: NetName=GPIO_40 Pin=R67-2
Added Pin To Net: NetName=GPIO_14 Pin=R68-2
Added Pin To Net: NetName=GPIO_41 Pin=R69-2
Added Pin To Net: NetName=GPIO_15 Pin=R70-2
Added Pin To Net: NetName=GPIO_42 Pin=R71-2
Added Pin To Net: NetName=GPIO_16 Pin=R72-2
Added Pin To Net: NetName=GPIO_43 Pin=R73-2
Added Pin To Net: NetName=GPIO_17 Pin=R74-2
Added Pin To Net: NetName=GPIO_44 Pin=R75-2
Added Pin To Net: NetName=GPIO_18 Pin=R76-2
Added Pin To Net: NetName=GPIO_45 Pin=R77-2
Added Pin To Net: NetName=GPIO_19 Pin=R78-2
Added Pin To Net: NetName=GPIO_46 Pin=R79-2
Added Pin To Net: NetName=GPIO_20 Pin=R80-2
Added Pin To Net: NetName=GPIO_47 Pin=R81-2
Added Pin To Net: NetName=GPIO_21 Pin=R82-2
Added Pin To Net: NetName=GPIO_48 Pin=R83-2
Added Pin To Net: NetName=GPIO_22 Pin=R84-2
Added Pin To Net: NetName=GPIO_49 Pin=R85-2
Added Pin To Net: NetName=GPIO_23 Pin=R86-2
Added Pin To Net: NetName=GPIO_50 Pin=R87-2
Added Pin To Net: NetName=GPIO_24 Pin=R88-2
Added Pin To Net: NetName=GPIO_51 Pin=R89-2
Added Pin To Net: NetName=GPIO_25 Pin=R90-2
Added Pin To Net: NetName=GPIO_52 Pin=R91-2
Added Pin To Net: NetName=GPIO_26 Pin=R92-2
Added Pin To Net: NetName=GPIO_53 Pin=R93-2
Added Pin To Net: NetName=GPIO_27 Pin=R94-2
Added Pin To Net: NetName=GPIO_54 Pin=R95-2
Added Pin To Net: NetName=GPIO_28 Pin=R96-2
Added Pin To Net: NetName=GPIO_55 Pin=R97-2
Added Pin To Net: NetName=GPIO_29 Pin=R98-2
Added Pin To Net: NetName=GPIO_56 Pin=R99-2
Added Pin To Net: NetName=GPIO_30 Pin=R100-2
Added Pin To Net: NetName=GPIO_57 Pin=R101-2
Added Pin To Net: NetName=GPIO_31 Pin=R102-2
Added Pin To Net: NetName=GPIO_58 Pin=R103-2
Added Pin To Net: NetName=GPIO_32 Pin=R104-2
Added Pin To Net: NetName=GPIO_59 Pin=R105-2
Added Pin To Net: NetName=GPIO_33 Pin=R106-2
Added Pin To Net: NetName=GPIO_34 Pin=R108-2
Change Net Name : Old Net Name=GPIO_1 New Net Name=NetR49_2
Change Net Name : Old Net Name=GPIO_2 New Net Name=NetR50_2
Change Net Name : Old Net Name=GPIO_3 New Net Name=NetR51_2
Change Net Name : Old Net Name=GPIO_4 New Net Name=NetR52_2
Change Net Name : Old Net Name=GPIO_5 New Net Name=NetR53_2
Change Net Name : Old Net Name=GPIO_6 New Net Name=NetR54_2
Change Net Name : Old Net Name=GPIO_7 New Net Name=NetR55_2
Change Net Name : Old Net Name=GPIO_8 New Net Name=NetR56_2
Change Net Name : Old Net Name=GPIO_9 New Net Name=NetR58_2
Change Net Name : Old Net Name=GPIO_10 New Net Name=NetR60_2
Change Net Name : Old Net Name=GPIO_11 New Net Name=NetR62_2
Change Net Name : Old Net Name=GPIO_12 New Net Name=NetR64_2
Change Net Name : Old Net Name=GPIO_13 New Net Name=NetR66_2
Change Net Name : Old Net Name=GPIO_14 New Net Name=NetR68_2
Change Net Name : Old Net Name=GPIO_15 New Net Name=NetR70_2
Change Net Name : Old Net Name=GPIO_16 New Net Name=NetR72_2
Change Net Name : Old Net Name=GPIO_17 New Net Name=NetR74_2
Change Net Name : Old Net Name=GPIO_18 New Net Name=NetR76_2
Change Net Name : Old Net Name=GPIO_19 New Net Name=NetR78_2
Change Net Name : Old Net Name=GPIO_20 New Net Name=NetR80_2
Change Net Name : Old Net Name=GPIO_21 New Net Name=NetR82_2
Change Net Name : Old Net Name=GPIO_22 New Net Name=NetR84_2
Change Net Name : Old Net Name=GPIO_23 New Net Name=NetR86_2
Change Net Name : Old Net Name=GPIO_24 New Net Name=NetR88_2
Change Net Name : Old Net Name=GPIO_25 New Net Name=NetR90_2
Change Net Name : Old Net Name=GPIO_26 New Net Name=NetR92_2
Change Net Name : Old Net Name=GPIO_27 New Net Name=NetR94_2
Change Net Name : Old Net Name=GPIO_28 New Net Name=NetR96_2
Change Net Name : Old Net Name=GPIO_29 New Net Name=NetR98_2
Change Net Name : Old Net Name=GPIO_30 New Net Name=NetR100_2
Change Net Name : Old Net Name=GPIO_31 New Net Name=NetR102_2
Change Net Name : Old Net Name=GPIO_32 New Net Name=NetR104_2
Change Net Name : Old Net Name=GPIO_33 New Net Name=NetR106_2
Change Net Name : Old Net Name=GPIO_34 New Net Name=NetR108_2
Change Net Name : Old Net Name=GPIO_35 New Net Name=NetR57_2
Change Net Name : Old Net Name=GPIO_36 New Net Name=NetR59_2
Change Net Name : Old Net Name=GPIO_37 New Net Name=NetR61_2
Change Net Name : Old Net Name=GPIO_38 New Net Name=NetR63_2
Change Net Name : Old Net Name=GPIO_39 New Net Name=NetR65_2
Change Net Name : Old Net Name=GPIO_40 New Net Name=NetR67_2
Change Net Name : Old Net Name=GPIO_41 New Net Name=NetR69_2
Change Net Name : Old Net Name=GPIO_42 New Net Name=NetR71_2
Change Net Name : Old Net Name=GPIO_43 New Net Name=NetR73_2
Change Net Name : Old Net Name=GPIO_44 New Net Name=NetR75_2
Change Net Name : Old Net Name=GPIO_45 New Net Name=NetR77_2
Change Net Name : Old Net Name=GPIO_46 New Net Name=NetR79_2
Change Net Name : Old Net Name=GPIO_47 New Net Name=NetR81_2
Change Net Name : Old Net Name=GPIO_48 New Net Name=NetR83_2
Change Net Name : Old Net Name=GPIO_49 New Net Name=NetR85_2
Change Net Name : Old Net Name=GPIO_50 New Net Name=NetR87_2
Change Net Name : Old Net Name=GPIO_51 New Net Name=NetR89_2
Change Net Name : Old Net Name=GPIO_52 New Net Name=NetR91_2
Change Net Name : Old Net Name=GPIO_53 New Net Name=NetR93_2
Change Net Name : Old Net Name=GPIO_54 New Net Name=NetR95_2
Change Net Name : Old Net Name=GPIO_55 New Net Name=NetR97_2
Change Net Name : Old Net Name=GPIO_56 New Net Name=NetR99_2
Change Net Name : Old Net Name=GPIO_57 New Net Name=NetR101_2
Change Net Name : Old Net Name=GPIO_58 New Net Name=NetR103_2
Change Net Name : Old Net Name=GPIO_59 New Net Name=NetR105_2
Change Net Name : Old Net Name=GPIO_60 New Net Name=NetR107_2
Added Member To Class: ClassName=main Member=Component R32 10ê
Added Member To Class: ClassName=main Member=Component R35 10ê
Added Member To Class: ClassName=main Member=Component R40 1ê
Added Member To Class: ClassName=main Member=Component R41 10ê
Added Member To Class: ClassName=main Member=Component R42 10ê
Added Member To Class: ClassName=USB Member=Component R43 27
Added Member To Class: ClassName=USB Member=Component R44 27
Added Member To Class: ClassName=USB Member=Component R45 27
Added Member To Class: ClassName=USB Member=Component R46 27
Added Member To Class: ClassName=DAC_Filter Member=Component R47 1ê
Added Member To Class: ClassName=DAC_Filter Member=Component R48 1ê
Added Member To Class: ClassName=Designator Member=Component R49 1ê
Added Member To Class: ClassName=Designator Member=Component R50 1ê
Added Member To Class: ClassName=Designator Member=Component R52 1ê
Added Member To Class: ClassName=Designator Member=Component R53 1ê
Added Member To Class: ClassName=Designator Member=Component R54 1ê
Added Member To Class: ClassName=Designator Member=Component R55 1ê
Added Member To Class: ClassName=Designator Member=Component R56 1ê
Added Member To Class: ClassName=Designator Member=Component R57 1ê
Added Member To Class: ClassName=Designator Member=Component R58 1ê
Added Member To Class: ClassName=Designator Member=Component R59 1ê
Added Member To Class: ClassName=Designator Member=Component R60 1ê
Added Member To Class: ClassName=Designator Member=Component R61 1ê
Added Member To Class: ClassName=Designator Member=Component R63 1ê
Added Member To Class: ClassName=Designator Member=Component R64 1ê
Added Member To Class: ClassName=Designator Member=Component R65 1ê
Added Member To Class: ClassName=Designator Member=Component R66 1ê
Added Member To Class: ClassName=Designator Member=Component R67 1ê
Added Member To Class: ClassName=Designator Member=Component R68 1ê
Added Member To Class: ClassName=Designator Member=Component R70 1ê
Added Member To Class: ClassName=Designator Member=Component R71 1ê
Added Member To Class: ClassName=Designator Member=Component R72 1ê
Added Member To Class: ClassName=Designator Member=Component R73 1ê
Added Member To Class: ClassName=Designator Member=Component R74 1ê
Added Member To Class: ClassName=Designator Member=Component R75 1ê
Added Member To Class: ClassName=Designator Member=Component R76 1ê
Added Member To Class: ClassName=Designator Member=Component R77 1ê
Added Member To Class: ClassName=Designator Member=Component R78 1ê
Added Member To Class: ClassName=Designator Member=Component R79 1ê
Added Member To Class: ClassName=Designator Member=Component R81 1ê
Added Member To Class: ClassName=Designator Member=Component R82 1ê
Added Member To Class: ClassName=Designator Member=Component R83 1ê
Added Member To Class: ClassName=Designator Member=Component R84 1ê
Added Member To Class: ClassName=Designator Member=Component R85 1ê
Added Member To Class: ClassName=Designator Member=Component R86 1ê
Added Member To Class: ClassName=Designator Member=Component R88 1ê
Added Member To Class: ClassName=Designator Member=Component R89 1ê
Added Member To Class: ClassName=Designator Member=Component R90 1ê
Added Member To Class: ClassName=Designator Member=Component R91 1ê
Added Member To Class: ClassName=Designator Member=Component R92 1ê
Added Member To Class: ClassName=Designator Member=Component R93 1ê
Added Member To Class: ClassName=Designator Member=Component R94 1ê
Added Member To Class: ClassName=Designator Member=Component R95 1ê
Added Member To Class: ClassName=Designator Member=Component R96 1ê
Added Member To Class: ClassName=Designator Member=Component R97 1ê
Added Member To Class: ClassName=Designator Member=Component R99 1ê
Added Member To Class: ClassName=Designator Member=Component R100 1ê
Added Member To Class: ClassName=Designator Member=Component R101 1ê
Added Member To Class: ClassName=Designator Member=Component R102 1ê
Added Member To Class: ClassName=Designator Member=Component R103 1ê
Added Member To Class: ClassName=Designator Member=Component R104 1ê
Added Member To Class: ClassName=Designator Member=Component R106 1ê
