Removed Member From Class: ClassName=Digital_module Member=R49
Removed Member From Class: ClassName=USB Member=R49
Removed Member From Class: ClassName=DAC_Filter Member=R56
Removed Member From Class: ClassName=Digital_module Member=R56
Removed Member From Class: ClassName=USB Member=R56
Change Component Designator: OldDesignator=C11 NewDesignator=C12
Change Component Designator: OldDesignator=C12 NewDesignator=C13
Change Component Designator: OldDesignator=C13 NewDesignator=C14
Change Component Designator: OldDesignator=C14 NewDesignator=C15
Change Component Designator: OldDesignator=C15 NewDesignator=C16
Change Component Designator: OldDesignator=C16 NewDesignator=C17
Change Component Designator: OldDesignator=C17 NewDesignator=C18
Change Component Designator: OldDesignator=C18 NewDesignator=C19
Change Component Designator: OldDesignator=C19 NewDesignator=C20
Change Component Designator: OldDesignator=C20 NewDesignator=C21
Change Component Designator: OldDesignator=C21 NewDesignator=C22
Change Component Designator: OldDesignator=C22 NewDesignator=C23
Change Component Designator: OldDesignator=C23 NewDesignator=C24
Change Component Designator: OldDesignator=C24 NewDesignator=C25
Change Component Designator: OldDesignator=C25 NewDesignator=C26
Change Component Designator: OldDesignator=C26 NewDesignator=C27
Change Component Designator: OldDesignator=C27 NewDesignator=C28
Change Component Designator: OldDesignator=C28 NewDesignator=C29
Change Component Designator: OldDesignator=C29 NewDesignator=C30
Change Component Designator: OldDesignator=C30 NewDesignator=C31
Change Component Designator: OldDesignator=C31 NewDesignator=C32
Change Component Designator: OldDesignator=C32 NewDesignator=C33
Change Component Designator: OldDesignator=C33 NewDesignator=C34
Change Component Designator: OldDesignator=C34 NewDesignator=C35
Change Component Designator: OldDesignator=C35 NewDesignator=C36
Change Component Designator: OldDesignator=C36 NewDesignator=C37
Change Component Designator: OldDesignator=C37 NewDesignator=C38
Change Component Designator: OldDesignator=C38 NewDesignator=C39
Change Component Designator: OldDesignator=C39 NewDesignator=C40
Change Component Designator: OldDesignator=C40 NewDesignator=C41
Change Component Designator: OldDesignator=C41 NewDesignator=C42
Change Component Designator: OldDesignator=C42 NewDesignator=C43
Change Component Designator: OldDesignator=C43 NewDesignator=C44
Change Component Designator: OldDesignator=C44 NewDesignator=C45
Change Component Designator: OldDesignator=C45 NewDesignator=C46
Added Component: Designator=C11(External_capacitor)
Add component. Clean all parameters for all variants
Add component (AddParameter): Name = "Value"; Value = "10мкФх50В"; VariantName = "[No Variations]"
Add component (AddParameter): Name = "Назначение"; Value = "Поляризованный SMD-конденсатор"; VariantName = "[No Variations]"
Add component (AddParameter): Name = "Наименование"; Value = "Поляризованный конденсатор"; VariantName = "[No Variations]"
Add component (AddParameter): Name = "Потребление, Вт"; Value = "0"; VariantName = "[No Variations]"
Added Pin To Net: NetName=Power_IN Pin=C11-1
Added Pin To Net: NetName=GND_IN Pin=C11-2
Change Net Name : Old Net Name=NetC11_2 New Net Name=NetC12_2
Change Net Name : Old Net Name=NetC16_2 New Net Name=NetC17_2
Change Net Name : Old Net Name=NetC18_2 New Net Name=NetC19_2
Change Net Name : Old Net Name=NetC25_2 New Net Name=NetC26_2
Change Net Name : Old Net Name=NetC26_2 New Net Name=NetC27_2
Change Net Name : Old Net Name=NetC42_2 New Net Name=NetC43_2
Change Net Color : Old Net Color=RGB(255, 110, 110) New Net Color=RGB(255, 110, 255)
Change Net Color : Old Net Color=RGB(255, 110, 255) New Net Color=Default
Added Member To Class: ClassName=Power Member=Component C24 0,22мкФ
Added Member To Class: ClassName=Digital_module Member=Component R16 2K
Added Member To Class: ClassName=Digital_module Member=Component R17 2K
Added Member To Class: ClassName=Digital_module Member=Component R18 100
Added Member To Class: ClassName=Digital_module Member=Component R21 100
Added Member To Class: ClassName=Digital_module Member=Component R22 1к
Added Member To Class: ClassName=Digital_module Member=Component R23 13к
Added Member To Class: ClassName=Digital_module Member=Component R24 1к
Added Member To Class: ClassName=Digital_module Member=Component R25 1к
Added Member To Class: ClassName=Digital_module Member=Component R27 1к
Added Member To Class: ClassName=Digital_module Member=Component R28 1к
Added Member To Class: ClassName=Digital_module Member=Component R30 13к
Added Member To Class: ClassName=Digital_module Member=Component R32 1к
Added Member To Class: ClassName=Digital_module Member=Component R33 1к
Added Member To Class: ClassName=Digital_module Member=Component R35 10к
Added Member To Class: ClassName=Digital_module Member=Component R42 1к
Added Member To Class: ClassName=Digital_module Member=Component R43 10к
Added Member To Class: ClassName=USB Member=Component R45 27
Added Member To Class: ClassName=USB Member=Component R46 27
Added Member To Class: ClassName=USB Member=Component R47 27
Added Member To Class: ClassName=USB Member=Component R48 27
Added Member To Class: ClassName=DAC_Filter Member=Component R50 1к
Added Member To Class: ClassName=Designator Member=Component R51 1к
Added Member To Class: ClassName=Designator Member=Component R52 1к
Added Member To Class: ClassName=Designator Member=Component R53 1к
Added Member To Class: ClassName=Designator Member=Component R54 1к
Added Member To Class: ClassName=Designator Member=Component R55 1к
