Removed Pin From Net: NetName=Power_IN Pin=X4-1
Removed Pin From Net: NetName=Power_IN Pin=X4-2
Removed Pin From Net: NetName=Power_IN Pin=X4-3
Removed Pin From Net: NetName=Power_IN Pin=X4-4
Removed Pin From Net: NetName=GND_IN Pin=X4-5
Removed Pin From Net: NetName=GND_IN Pin=X4-6
Removed Pin From Net: NetName=GND_IN Pin=X4-7
Removed Pin From Net: NetName=GND_IN Pin=X4-8
Removed Pin From Net: NetName=GND_IN Pin=X5-1
Removed Pin From Net: NetName=GND_IN Pin=X5-2
Removed Pin From Net: NetName=GND_IN Pin=X5-3
Removed Pin From Net: NetName=GND_IN Pin=X5-4
Removed Member From Class: ClassName=USB Member=X2
Removed Member From Class: ClassName=Module_main Member=X3
Removed Member From Class: ClassName=USB Member=X3
Removed Member From Class: ClassName=Module_main Member=X4
Removed Member From Class: ClassName=USB Member=X4
Removed Member From Class: ClassName=Designator Member=X8
Removed Member From Class: ClassName=Module_main Member=X8
Change Component Footprint: Designator=X4 Old Footprint=PLD2-8 R 2.54 New Footprint=PLD2-12R 2.54
Change Component Comment : Designator=X4 Old Comment=Header 2X8 New Comment=Header 2X6
Change component parameters: Designator = "X4"; Footprint = "PLD2-12R 2.54"; UniqueID = "\JQDBOXUL\NVBBVWBU"
Change component parameters. Clean all parameters for all variants
Change component parameters (AddParameter): Name = "Назначение"; Value = "Header, 12-Pin, Dual row"; VariantName = "[No Variations]"
Change component parameters (AddParameter): Name = "Наименование"; Value = "PLD2-12"; VariantName = "[No Variations]"
Change component parameters (AddParameter): Name = "Потребление, Вт"; Value = "0,0"; VariantName = "[No Variations]"
Added Pin To Net: NetName=Power_IN Pin=X4-5
Added Pin To Net: NetName=Power_IN Pin=X4-7
Added Pin To Net: NetName=GND_IN Pin=X4-9
Added Pin To Net: NetName=GND_IN Pin=X4-11
Added Pin To Net: NetName=NetX4_10 Pin=X4-10
Added Pin To Net: NetName=NetX4_10 Pin=X5-1
Added Pin To Net: NetName=NetX4_10 Pin=X5-2
Added Net: Name=NetX4_10
Added Pin To Net: NetName=NetX4_12 Pin=X4-12
Added Pin To Net: NetName=NetX4_12 Pin=X5-3
Added Pin To Net: NetName=NetX4_12 Pin=X5-4
Added Net: Name=NetX4_12
Added Member To Class: ClassName=Designator Member=Component X5 Header 2X4
Added Member To Class: ClassName=USB Member=Component X6 mico-BF
Added Member To Class: ClassName=USB Member=Component X7 Header 2X1
Added Member To Class: ClassName=USB Member=Component X8 Header 2X1
Added Member To Class: ClassName=Module_main Member=Component X9 Header 2X10
Added Member To Class: ClassName=Module_main Member=Component X10 Header 2X10
Added Member To Class: ClassName=Module_main Member=Component X11 Header 2X10
