Removed Pin From Net: NetName=NetR16_1 Pin=R16-1
Removed Pin From Net: NetName=NetR17_1 Pin=R17-1
Removed Pin From Net: NetName=NetR16_1 Pin=X1-A1
Removed Pin From Net: NetName=NetR17_1 Pin=X1-A2
Change Component Designator: OldDesignator=R16 NewDesignator=R18
Change Component Designator: OldDesignator=R17 NewDesignator=R19
Change Component Designator: OldDesignator=R18 NewDesignator=R20
Change Component Designator: OldDesignator=R19 NewDesignator=R21
Change Component Designator: OldDesignator=R20 NewDesignator=R22
Change Component Designator: OldDesignator=R21 NewDesignator=R23
Change Component Designator: OldDesignator=R22 NewDesignator=R24
Change Component Designator: OldDesignator=R23 NewDesignator=R25
Change Component Designator: OldDesignator=R24 NewDesignator=R26
Change Component Designator: OldDesignator=R25 NewDesignator=R27
Change Component Designator: OldDesignator=R26 NewDesignator=R28
Change Component Designator: OldDesignator=R27 NewDesignator=R29
Change Component Designator: OldDesignator=R28 NewDesignator=R30
Change Component Designator: OldDesignator=R29 NewDesignator=R31
Change Component Designator: OldDesignator=R30 NewDesignator=R32
Change Component Designator: OldDesignator=R31 NewDesignator=R33
Change Component Designator: OldDesignator=R32 NewDesignator=R34
Change Component Designator: OldDesignator=R33 NewDesignator=R35
Change Component Designator: OldDesignator=R34 NewDesignator=R36
Change Component Designator: OldDesignator=R35 NewDesignator=R37
Change Component Designator: OldDesignator=R36 NewDesignator=R38
Change Component Designator: OldDesignator=R37 NewDesignator=R39
Change Component Designator: OldDesignator=R38 NewDesignator=R40
Change Component Designator: OldDesignator=R39 NewDesignator=R41
Change Component Designator: OldDesignator=R40 NewDesignator=R42
Change Component Designator: OldDesignator=R41 NewDesignator=R43
Change Component Designator: OldDesignator=R42 NewDesignator=R44
Change Component Designator: OldDesignator=R43 NewDesignator=R45
Change Component Designator: OldDesignator=R44 NewDesignator=R46
Change Component Designator: OldDesignator=R45 NewDesignator=R47
Change Component Designator: OldDesignator=R46 NewDesignator=R48
Change Component Designator: OldDesignator=R47 NewDesignator=R49
Change Component Designator: OldDesignator=R48 NewDesignator=R50
Change Component Designator: OldDesignator=R49 NewDesignator=R51
Change Component Designator: OldDesignator=R50 NewDesignator=R52
Change Component Designator: OldDesignator=R51 NewDesignator=R53
Change Component Designator: OldDesignator=R52 NewDesignator=R54
Change Component Designator: OldDesignator=R53 NewDesignator=R55
Change Component Designator: OldDesignator=R54 NewDesignator=R56
Change Component Designator: OldDesignator=R55 NewDesignator=R57
Change Component Designator: OldDesignator=R56 NewDesignator=R58
Added Component: Designator=R16(SMD_0603)
Add component. Clean all parameters for all variants
Add component (AddParameter): Name = "Value"; Value = "1к"; VariantName = "[No Variations]"
Add component (AddParameter): Name = "Назначение"; Value = "SMD-резистор"; VariantName = "[No Variations]"
Add component (AddParameter): Name = "Наименование"; Value = "Резистор"; VariantName = "[No Variations]"
Add component (AddParameter): Name = "Потребление, Вт"; Value = "0,001"; VariantName = "[No Variations]"
Added Component: Designator=R17(SMD_0603)
Add component. Clean all parameters for all variants
Add component (AddParameter): Name = "Value"; Value = "1к"; VariantName = "[No Variations]"
Add component (AddParameter): Name = "Назначение"; Value = "SMD-резистор"; VariantName = "[No Variations]"
Add component (AddParameter): Name = "Наименование"; Value = "Резистор"; VariantName = "[No Variations]"
Add component (AddParameter): Name = "Потребление, Вт"; Value = "0,001"; VariantName = "[No Variations]"
Added Pin To Net: NetName=NetR16_1 Pin=R16-1
Added Pin To Net: NetName=3.3V Pin=R16-2
Added Pin To Net: NetName=NetR17_1 Pin=R17-1
Added Pin To Net: NetName=GND Pin=R17-2
Added Pin To Net: NetName=NetR17_1 Pin=R18-1
Added Pin To Net: NetName=NetR16_1 Pin=R19-1
Added Pin To Net: NetName=NetR17_1 Pin=X1-A1
Added Pin To Net: NetName=NetR16_1 Pin=X1-A2
Change Net Name : Old Net Name=NetR18_1 New Net Name=NetR20_1
Change Net Name : Old Net Name=NetR19_1 New Net Name=NetR21_1
Change Net Name : Old Net Name=NetR20_2 New Net Name=NetR22_2
Change Net Name : Old Net Name=NetR22_2 New Net Name=NetR24_2
Change Net Name : Old Net Name=NetR23_1 New Net Name=NetR25_1
Change Net Name : Old Net Name=NetR25_1 New Net Name=NetR27_1
Change Net Name : Old Net Name=NetR26_1 New Net Name=NetR28_1
Change Net Name : Old Net Name=NetR27_1 New Net Name=NetR29_1
Change Net Name : Old Net Name=NetR29_1 New Net Name=NetR31_1
Change Net Name : Old Net Name=NetR30_1 New Net Name=NetR32_1
Change Net Name : Old Net Name=NetR31_1 New Net Name=NetR33_1
Change Net Name : Old Net Name=NetR39_1 New Net Name=NetR41_1
Change Net Name : Old Net Name=NetR40_1 New Net Name=NetR42_1
Change Net Name : Old Net Name=NetR41_1 New Net Name=NetR43_1
Added Member To Class: ClassName=Digital_module Member=Component R43 10к
Added Member To Class: ClassName=Digital_module Member=Component R44 10к
Added Room: Name=Device_unit
